<?xml version="1.0" encoding="UTF-8"?>
<!-- Generated by org.testng.reporters.JUnitReportReporter -->
<testsuite hostname="DESKTOP-DVKNM19" failures="0" tests="1" name="com.RankingCoach.LogInCreateAccMethods.testAllTheLinks" time="73.263" errors="0" timestamp="13 Jun 2018 08:50:55 GMT" skipped="0">
  <testcase classname="com.RankingCoach.LogInCreateAccMethods.testAllTheLinks" name="VerifyLinks" time="73.263"/>
</testsuite> <!-- com.RankingCoach.LogInCreateAccMethods.testAllTheLinks -->
