<?xml version="1.0" encoding="UTF-8"?>
<!-- Generated by org.testng.reporters.JUnitReportReporter -->
<testsuite hostname="DESKTOP-DVKNM19" failures="0" tests="1" name="com.RankingCoach.LogInCreateAccMethods.testAllTheLinks" time="81.921" errors="0" timestamp="14 Jun 2018 07:26:49 GMT" skipped="0">
  <testcase classname="com.RankingCoach.LogInCreateAccMethods.testAllTheLinks" name="VerifyLinks" time="81.921"/>
</testsuite> <!-- com.RankingCoach.LogInCreateAccMethods.testAllTheLinks -->
