<?xml version="1.0" encoding="UTF-8"?>
<!-- Generated by org.testng.reporters.JUnitReportReporter -->
<testsuite hostname="DESKTOP-DVKNM19" failures="0" tests="13" name="com.RankingCoach.LogInCreateAccMethods.createAccountandCompleteOnboarding" time="115.942" errors="1" timestamp="13 Jun 2018 07:51:45 GMT" skipped="12">
  <testcase classname="com.RankingCoach.LogInCreateAccMethods.createAccountandCompleteOnboarding" name="CreateNewAccountDE" time="115.942">
    <error message="Expected condition failed: waiting for visibility of [[ChromeDriver: chrome on XP (f8f493b6a507605c233b3805b2ce198c)] -&gt; css selector: [onselect=&quot;showPayment\(\&#039;cc\&#039;\)&quot;]] (tried for 40 second(s) with 500 MILLISECONDS interval)
Build info: version: &#039;3.6.0&#039;, revision: &#039;6fbf3ec767&#039;, time: &#039;2017-09-27T15:28:36.4Z&#039;
System info: host: &#039;DESKTOP-DVKNM19&#039;, ip: &#039;10.0.0.157&#039;, os.name: &#039;Windows 10&#039;, os.arch: &#039;amd64&#039;, os.version: &#039;10.0&#039;, java.version: &#039;9.0.4&#039;
Driver info: org.openqa.selenium.chrome.ChromeDriver
Capabilities [{mobileEmulationEnabled=false, hasTouchScreen=false, platform=XP, acceptSslCerts=false, acceptInsecureCerts=false, webStorageEnabled=true, browserName=chrome, takesScreenshot=true, javascriptEnabled=true, platformName=XP, setWindowRect=true, unexpectedAlertBehaviour=, applicationCacheEnabled=false, rotatable=false, networkConnectionEnabled=false, chrome={chromedriverVersion=2.35.528161 (5b82f2d2aae0ca24b877009200ced9065a772e73), userDataDir=C:\Users\Bogdan\AppData\Local\Temp\scoped_dir10628_9341}, takesHeapSnapshot=true, pageLoadStrategy=normal, unhandledPromptBehavior=, databaseEnabled=false, handlesAlerts=true, version=67.0.3396.87, browserConnectionEnabled=false, nativeEvents=true, locationContextEnabled=true, cssSelectorsEnabled=true}]
Session ID: f8f493b6a507605c233b3805b2ce198c" type="org.openqa.selenium.TimeoutException">
      <![CDATA[org.openqa.selenium.TimeoutException: Expected condition failed: waiting for visibility of [[ChromeDriver: chrome on XP (f8f493b6a507605c233b3805b2ce198c)] -> css selector: [onselect="showPayment\(\'cc\'\)"]] (tried for 40 second(s) with 500 MILLISECONDS interval)
Build info: version: '3.6.0', revision: '6fbf3ec767', time: '2017-09-27T15:28:36.4Z'
System info: host: 'DESKTOP-DVKNM19', ip: '10.0.0.157', os.name: 'Windows 10', os.arch: 'amd64', os.version: '10.0', java.version: '9.0.4'
Driver info: org.openqa.selenium.chrome.ChromeDriver
Capabilities [{mobileEmulationEnabled=false, hasTouchScreen=false, platform=XP, acceptSslCerts=false, acceptInsecureCerts=false, webStorageEnabled=true, browserName=chrome, takesScreenshot=true, javascriptEnabled=true, platformName=XP, setWindowRect=true, unexpectedAlertBehaviour=, applicationCacheEnabled=false, rotatable=false, networkConnectionEnabled=false, chrome={chromedriverVersion=2.35.528161 (5b82f2d2aae0ca24b877009200ced9065a772e73), userDataDir=C:\Users\Bogdan\AppData\Local\Temp\scoped_dir10628_9341}, takesHeapSnapshot=true, pageLoadStrategy=normal, unhandledPromptBehavior=, databaseEnabled=false, handlesAlerts=true, version=67.0.3396.87, browserConnectionEnabled=false, nativeEvents=true, locationContextEnabled=true, cssSelectorsEnabled=true}]
Session ID: f8f493b6a507605c233b3805b2ce198c
	at org.openqa.selenium.support.ui.WebDriverWait.timeoutException(WebDriverWait.java:82)
	at org.openqa.selenium.support.ui.FluentWait.until(FluentWait.java:231)
	at com.RankingCoach.LogInCreateAccMethods.createAccountandCompleteOnboarding.CreateNewAccountDE(createAccountandCompleteOnboarding.java:84)
	at java.base/jdk.internal.reflect.NativeMethodAccessorImpl.invoke0(Native Method)
	at java.base/jdk.internal.reflect.NativeMethodAccessorImpl.invoke(NativeMethodAccessorImpl.java:62)
	at java.base/jdk.internal.reflect.DelegatingMethodAccessorImpl.invoke(DelegatingMethodAccessorImpl.java:43)
	at java.base/java.lang.reflect.Method.invoke(Method.java:564)
	at org.testng.internal.MethodInvocationHelper.invokeMethod(MethodInvocationHelper.java:108)
	at org.testng.internal.Invoker.invokeMethod(Invoker.java:661)
	at org.testng.internal.Invoker.invokeTestMethod(Invoker.java:869)
	at org.testng.internal.Invoker.invokeTestMethods(Invoker.java:1193)
	at org.testng.internal.TestMethodWorker.invokeTestMethods(TestMethodWorker.java:126)
	at org.testng.internal.TestMethodWorker.run(TestMethodWorker.java:109)
	at org.testng.TestRunner.privateRun(TestRunner.java:744)
	at org.testng.TestRunner.run(TestRunner.java:602)
	at org.testng.SuiteRunner.runTest(SuiteRunner.java:380)
	at org.testng.SuiteRunner.runSequentially(SuiteRunner.java:375)
	at org.testng.SuiteRunner.privateRun(SuiteRunner.java:340)
	at org.testng.SuiteRunner.run(SuiteRunner.java:289)
	at org.testng.SuiteRunnerWorker.runSuite(SuiteRunnerWorker.java:52)
	at org.testng.SuiteRunnerWorker.run(SuiteRunnerWorker.java:86)
	at org.testng.TestNG.runSuitesSequentially(TestNG.java:1301)
	at org.testng.TestNG.runSuitesLocally(TestNG.java:1226)
	at org.testng.TestNG.runSuites(TestNG.java:1144)
	at org.testng.TestNG.run(TestNG.java:1115)
	at org.testng.remote.AbstractRemoteTestNG.run(AbstractRemoteTestNG.java:114)
	at org.testng.remote.RemoteTestNG.initAndRun(RemoteTestNG.java:251)
	at org.testng.remote.RemoteTestNG.main(RemoteTestNG.java:77)
]]>
    </error>
  </testcase> <!-- CreateNewAccountDE -->
  <testcase classname="com.RankingCoach.LogInCreateAccMethods.createAccountandCompleteOnboarding" name="VerifyIfYourLocalDirectories" time="0.000">
    <skipped/>
  </testcase> <!-- VerifyIfYourLocalDirectories -->
  <testcase classname="com.RankingCoach.LogInCreateAccMethods.createAccountandCompleteOnboarding" name="AddNewDomain" time="0.000">
    <skipped/>
  </testcase> <!-- AddNewDomain -->
  <testcase classname="com.RankingCoach.LogInCreateAccMethods.createAccountandCompleteOnboarding" name="SelectYourKeywords" time="0.000">
    <skipped/>
  </testcase> <!-- SelectYourKeywords -->
  <testcase classname="com.RankingCoach.LogInCreateAccMethods.createAccountandCompleteOnboarding" name="VerifyYourKeywords" time="0.000">
    <skipped/>
  </testcase> <!-- VerifyYourKeywords -->
  <testcase classname="com.RankingCoach.LogInCreateAccMethods.createAccountandCompleteOnboarding" name="SelectBusinessSectors" time="0.000">
    <skipped/>
  </testcase> <!-- SelectBusinessSectors -->
  <testcase classname="com.RankingCoach.LogInCreateAccMethods.createAccountandCompleteOnboarding" name="VeirifyAnalysisPage" time="0.000">
    <skipped/>
  </testcase> <!-- VeirifyAnalysisPage -->
  <testcase classname="com.RankingCoach.LogInCreateAccMethods.createAccountandCompleteOnboarding" name="CompleteDomainDetails" time="0.000">
    <skipped/>
  </testcase> <!-- CompleteDomainDetails -->
  <testcase classname="com.RankingCoach.LogInCreateAccMethods.createAccountandCompleteOnboarding" name="TypeYourKeyWords" time="0.000">
    <skipped/>
  </testcase> <!-- TypeYourKeyWords -->
  <testcase classname="com.RankingCoach.LogInCreateAccMethods.createAccountandCompleteOnboarding" name="SelectCompetitors" time="0.000">
    <skipped/>
  </testcase> <!-- SelectCompetitors -->
  <testcase classname="com.RankingCoach.LogInCreateAccMethods.createAccountandCompleteOnboarding" name="SelectYourPlatform" time="0.000">
    <skipped/>
  </testcase> <!-- SelectYourPlatform -->
  <testcase classname="com.RankingCoach.LogInCreateAccMethods.createAccountandCompleteOnboarding" name="Customerslocation" time="0.000">
    <skipped/>
  </testcase> <!-- Customerslocation -->
  <testcase classname="com.RankingCoach.LogInCreateAccMethods.createAccountandCompleteOnboarding" name="UpgradeSubscriptionTo360" time="0.000">
    <skipped/>
  </testcase> <!-- UpgradeSubscriptionTo360 -->
</testsuite> <!-- com.RankingCoach.LogInCreateAccMethods.createAccountandCompleteOnboarding -->
