<?xml version="1.0" encoding="UTF-8"?>
<!-- Generated by org.testng.reporters.JUnitReportReporter -->
<testsuite hostname="DESKTOP-DVKNM19" failures="0" tests="13" name="com.RankingCoach.LogInCreateAccMethods.createAccountandCompleteOnboarding" time="314.238" errors="0" timestamp="10 Jun 2018 10:27:46 GMT" skipped="0">
  <testcase classname="com.RankingCoach.LogInCreateAccMethods.createAccountandCompleteOnboarding" name="CreateNewAccountDE" time="77.180"/>
  <testcase classname="com.RankingCoach.LogInCreateAccMethods.createAccountandCompleteOnboarding" name="SelectCompetitors" time="54.611"/>
  <testcase classname="com.RankingCoach.LogInCreateAccMethods.createAccountandCompleteOnboarding" name="UpgradeSubscriptionTo360" time="23.939"/>
  <testcase classname="com.RankingCoach.LogInCreateAccMethods.createAccountandCompleteOnboarding" name="AddNewDomain" time="16.293"/>
  <testcase classname="com.RankingCoach.LogInCreateAccMethods.createAccountandCompleteOnboarding" name="SelectBusinessSectors" time="16.304"/>
  <testcase classname="com.RankingCoach.LogInCreateAccMethods.createAccountandCompleteOnboarding" name="CompleteDomainDetails" time="22.310"/>
  <testcase classname="com.RankingCoach.LogInCreateAccMethods.createAccountandCompleteOnboarding" name="VerifyYourKeywords" time="8.363"/>
  <testcase classname="com.RankingCoach.LogInCreateAccMethods.createAccountandCompleteOnboarding" name="TypeYourKeyWords" time="13.908"/>
  <testcase classname="com.RankingCoach.LogInCreateAccMethods.createAccountandCompleteOnboarding" name="Customerslocation" time="12.164"/>
  <testcase classname="com.RankingCoach.LogInCreateAccMethods.createAccountandCompleteOnboarding" name="VerifyIfYourLocalDirectories" time="8.118"/>
  <testcase classname="com.RankingCoach.LogInCreateAccMethods.createAccountandCompleteOnboarding" name="VeirifyAnalysisPage" time="19.333"/>
  <testcase classname="com.RankingCoach.LogInCreateAccMethods.createAccountandCompleteOnboarding" name="SelectYourPlatform" time="11.411"/>
  <testcase classname="com.RankingCoach.LogInCreateAccMethods.createAccountandCompleteOnboarding" name="SelectYourKeywords" time="30.304"/>
</testsuite> <!-- com.RankingCoach.LogInCreateAccMethods.createAccountandCompleteOnboarding -->
